

====================================
Log started, 17/06/2015 11:36:04
====================================

Done in 0.0032999515533447s



====================================
Log started, 17/06/2015 12:53:52
====================================

Done in 0.003101110458374s



====================================
Log started, 17/06/2015 12:54:11
====================================

DataProcessor object initialized
1434545637707_start_date => 2010-08-11 04:00
1434545637707_end_date => 2010-08-14 04:05
1434545637707_text => My event
1434545637707_id => 1434545637707
1434545637707_details => 
1434545637707_!nativeeditor_status => inserted
ids => 1434545637707

Row data [1434545637707]
start_date => 2010-08-11 04:00
end_date => 2010-08-14 04:05
event_name => My event
event_id => 1434545637707
details => 
!nativeeditor_status => inserted

Edit operation finished
0 => action:inserted; sid:1434545637707; tid:18;

Done in 0.11432909965515s



====================================
Log started, 17/06/2015 01:03:05
====================================

Done in 0.0046439170837402s

